mktextfm ptmr7t
mktextfm ptmr7t
mktextfm ptmr7t
mktextfm ptmb7t
mktextfm nullfont
mktextfm ptmri7t
mktextfm ptmbi7t
mktextfm nullfont
mktextfm ptmr7t
mktextfm ptmb7t
mktextfm nullfont
mktextfm ptmri7t
mktextfm ptmbi7t
mktextfm nullfont
mktextfm ptmr7t
mktextfm ptmb7t
mktextfm nullfont
mktextfm ptmri7t
mktextfm ptmbi7t
mktextfm nullfont
mktextfm ptmb7t
mktextfm nullfont
mktextfm ptmri7t
mktextfm ptmbi7t
mktextfm nullfont
mktextfm ptmb7t
mktextfm nullfont
mktextfm ptmri7t
mktextfm ptmbi7t
mktextfm nullfont
mktextfm ptmr7t
mktextfm ptmb7t
mktextfm nullfont
mktextfm ptmri7t
mktextfm ptmbi7t
mktextfm nullfont
mktextfm ptmr7t
mktextfm ptmb7t
mktextfm nullfont
mktextfm ptmri7t
mktextfm ptmbi7t
mktextfm nullfont
mktextfm ptmr7t
mktextfm ptmb7t
mktextfm nullfont
mktextfm ptmri7t
mktextfm ptmbi7t
mktextfm nullfont
mktextfm ptmr7t
mktextfm ptmb7t
mktextfm nullfont
mktextfm ptmri7t
mktextfm ptmbi7t
mktextfm nullfont
mktextfm ptmr7t
mktextfm ptmb7t
mktextfm nullfont
mktextfm ptmri7t
mktextfm ptmbi7t
mktextfm nullfont
mktextfm ptmr7t
mktextfm ptmr7t
mktextfm ptmr7t
mktextfm ptmb7t
mktextfm nullfont
mktextfm ptmri7t
mktextfm ptmbi7t
mktextfm nullfont
mktextfm ptmr7t
mktextfm ptmb7t
mktextfm nullfont
mktextfm ptmri7t
mktextfm ptmbi7t
mktextfm nullfont
mktextfm ptmr7t
mktextfm ptmb7t
mktextfm nullfont
mktextfm ptmri7t
mktextfm ptmbi7t
mktextfm nullfont
mktextfm ptmb7t
mktextfm nullfont
mktextfm ptmri7t
mktextfm ptmbi7t
mktextfm nullfont
mktextfm ptmb7t
mktextfm nullfont
mktextfm ptmri7t
mktextfm ptmbi7t
mktextfm nullfont
mktextfm ptmr7t
mktextfm ptmb7t
mktextfm nullfont
mktextfm ptmri7t
mktextfm ptmbi7t
mktextfm nullfont
mktextfm ptmr7t
mktextfm ptmb7t
mktextfm nullfont
mktextfm ptmri7t
mktextfm ptmbi7t
mktextfm nullfont
mktextfm ptmr7t
mktextfm ptmb7t
mktextfm nullfont
mktextfm ptmri7t
mktextfm ptmbi7t
mktextfm nullfont
mktextfm ptmr7t
mktextfm ptmb7t
mktextfm nullfont
mktextfm ptmri7t
mktextfm ptmbi7t
mktextfm nullfont
mktextfm ptmr7t
mktextfm ptmb7t
mktextfm nullfont
mktextfm ptmri7t
mktextfm ptmbi7t
mktextfm nullfont
