Assembler report for Virtual_JTAG_v1
Fri Jul 28 16:24:22 2017
Quartus Prime Version 16.1.0 Build 196 10/24/2016 SJ Lite Edition


---------------------
; Table of Contents ;
---------------------
  1. Legal Notice
  2. Assembler Summary
  3. Assembler Settings
  4. Assembler Encrypted IP Cores Summary
  5. Assembler Generated Files
  6. Assembler Device Options: C:/Users/user/Google Drive/Masters/EEE5132Z -- FPGA/Workspace/JTAG_Communicator/Virtual_JTAG_v1/output_files/Virtual_JTAG_v1.sof
  7. Assembler Messages



----------------
; Legal Notice ;
----------------
Copyright (C) 2016  Intel Corporation. All rights reserved.
Your use of Intel Corporation's design tools, logic functions 
and other software and tools, and its AMPP partner logic 
functions, and any output files from any of the foregoing 
(including device programming or simulation files), and any 
associated documentation or information are expressly subject 
to the terms and conditions of the Intel Program License 
Subscription Agreement, the Intel Quartus Prime License Agreement,
the Intel MegaCore Function License Agreement, or other 
applicable license agreement, including, without limitation, 
that your use is for the sole purpose of programming logic 
devices manufactured by Intel and sold by Intel or its 
authorized distributors.  Please refer to the applicable 
agreement for further details.



+---------------------------------------------------------------+
; Assembler Summary                                             ;
+-----------------------+---------------------------------------+
; Assembler Status      ; Successful - Fri Jul 28 16:24:22 2017 ;
; Revision Name         ; Virtual_JTAG_v1                       ;
; Top-level Entity Name ; Virtual_JTAG_v1                       ;
; Family                ; MAX 10                                ;
; Device                ; 10M50DAF484C7G                        ;
+-----------------------+---------------------------------------+


+----------------------------------+
; Assembler Settings               ;
+--------+---------+---------------+
; Option ; Setting ; Default Value ;
+--------+---------+---------------+


+------------------------------------------------+
; Assembler Encrypted IP Cores Summary           ;
+--------+------------------------+--------------+
; Vendor ; IP Core Name           ; License Type ;
+--------+------------------------+--------------+
; Altera ; Signal Tap (6AF7 BCE1) ; Licensed     ;
; Altera ; Signal Tap (6AF7 BCEC) ; Licensed     ;
+--------+------------------------+--------------+


+----------------------------------------------------------------------------------------------------------------------------------+
; Assembler Generated Files                                                                                                        ;
+----------------------------------------------------------------------------------------------------------------------------------+
; File Name                                                                                                                        ;
+----------------------------------------------------------------------------------------------------------------------------------+
; C:/Users/user/Google Drive/Masters/EEE5132Z -- FPGA/Workspace/JTAG_Communicator/Virtual_JTAG_v1/output_files/Virtual_JTAG_v1.sof ;
+----------------------------------------------------------------------------------------------------------------------------------+


+------------------------------------------------------------------------------------------------------------------------------------------------------------+
; Assembler Device Options: C:/Users/user/Google Drive/Masters/EEE5132Z -- FPGA/Workspace/JTAG_Communicator/Virtual_JTAG_v1/output_files/Virtual_JTAG_v1.sof ;
+----------------+-------------------------------------------------------------------------------------------------------------------------------------------+
; Option         ; Setting                                                                                                                                   ;
+----------------+-------------------------------------------------------------------------------------------------------------------------------------------+
; Device         ; 10M50DAF484C7G                                                                                                                            ;
; JTAG usercode  ; 0x0033A301                                                                                                                                ;
; Checksum       ; 0x0033A301                                                                                                                                ;
+----------------+-------------------------------------------------------------------------------------------------------------------------------------------+


+--------------------+
; Assembler Messages ;
+--------------------+
Info: *******************************************************************
Info: Running Quartus Prime Assembler
    Info: Version 16.1.0 Build 196 10/24/2016 SJ Lite Edition
    Info: Processing started: Fri Jul 28 16:24:18 2017
Info: Command: quartus_asm --read_settings_files=off --write_settings_files=off Virtual_JTAG_v1 -c Virtual_JTAG_v1
Warning (18236): Number of processors has not been specified which may cause overloading on shared machines.  Set the global assignment NUM_PARALLEL_PROCESSORS in your QSF to an appropriate value for best performance.
Info (115031): Writing out detailed assembly data for power analysis
Info (115030): Assembler is generating device programming files
Info: Quartus Prime Assembler was successful. 0 errors, 1 warning
    Info: Peak virtual memory: 546 megabytes
    Info: Processing ended: Fri Jul 28 16:24:22 2017
    Info: Elapsed time: 00:00:04
    Info: Total CPU time (on all processors): 00:00:04


