Flow report for Virtual_JTAG_v1
Tue Aug  1 15:01:09 2017
Quartus Prime Version 16.1.0 Build 196 10/24/2016 SJ Lite Edition


---------------------
; Table of Contents ;
---------------------
  1. Legal Notice
  2. Flow Summary
  3. Flow Settings
  4. Flow Non-Default Global Settings
  5. Flow Elapsed Time
  6. Flow OS Summary
  7. Flow Log
  8. Flow Messages
  9. Flow Suppressed Messages



----------------
; Legal Notice ;
----------------
Copyright (C) 2016  Intel Corporation. All rights reserved.
Your use of Intel Corporation's design tools, logic functions 
and other software and tools, and its AMPP partner logic 
functions, and any output files from any of the foregoing 
(including device programming or simulation files), and any 
associated documentation or information are expressly subject 
to the terms and conditions of the Intel Program License 
Subscription Agreement, the Intel Quartus Prime License Agreement,
the Intel MegaCore Function License Agreement, or other 
applicable license agreement, including, without limitation, 
that your use is for the sole purpose of programming logic 
devices manufactured by Intel and sold by Intel or its 
authorized distributors.  Please refer to the applicable 
agreement for further details.



+----------------------------------------------------------------------------------+
; Flow Summary                                                                     ;
+------------------------------------+---------------------------------------------+
; Flow Status                        ; Successful - Tue Aug  1 15:01:09 2017       ;
; Quartus Prime Version              ; 16.1.0 Build 196 10/24/2016 SJ Lite Edition ;
; Revision Name                      ; Virtual_JTAG_v1                             ;
; Top-level Entity Name              ; Virtual_JTAG_v1                             ;
; Family                             ; MAX 10                                      ;
; Device                             ; 10M50DAF484C7G                              ;
; Timing Models                      ; Final                                       ;
; Total logic elements               ; 196 / 49,760 ( < 1 % )                      ;
;     Total combinational functions  ; 168 / 49,760 ( < 1 % )                      ;
;     Dedicated logic registers      ; 109 / 49,760 ( < 1 % )                      ;
; Total registers                    ; 109                                         ;
; Total pins                         ; 108 / 360 ( 30 % )                          ;
; Total virtual pins                 ; 0                                           ;
; Total memory bits                  ; 0 / 1,677,312 ( 0 % )                       ;
; Embedded Multiplier 9-bit elements ; 0 / 288 ( 0 % )                             ;
; Total PLLs                         ; 1 / 4 ( 25 % )                              ;
; UFM blocks                         ; 0 / 1 ( 0 % )                               ;
; ADC blocks                         ; 0 / 2 ( 0 % )                               ;
+------------------------------------+---------------------------------------------+


+-----------------------------------------+
; Flow Settings                           ;
+-------------------+---------------------+
; Option            ; Setting             ;
+-------------------+---------------------+
; Start date & time ; 08/01/2017 14:59:31 ;
; Main task         ; Compilation         ;
; Revision Name     ; Virtual_JTAG_v1     ;
+-------------------+---------------------+


+------------------------------------------------------------------------------------------------------------------------------------------+
; Flow Non-Default Global Settings                                                                                                         ;
+-------------------------------------+---------------------------------------------------------+---------------+-------------+------------+
; Assignment Name                     ; Value                                                   ; Default Value ; Entity Name ; Section Id ;
+-------------------------------------+---------------------------------------------------------+---------------+-------------+------------+
; COMPILER_SIGNATURE_ID               ; 114749777876579.150159237129823                         ; --            ; --          ; --         ;
; ENABLE_SIGNALTAP                    ; On                                                      ; --            ; --          ; --         ;
; MAX_CORE_JUNCTION_TEMP              ; 85                                                      ; --            ; --          ; --         ;
; MIN_CORE_JUNCTION_TEMP              ; 0                                                       ; --            ; --          ; --         ;
; MISC_FILE                           ; Qsys/Qsys/synthesis/../Qsys.cmp                         ; --            ; --          ; --         ;
; MISC_FILE                           ; Qsys/Qsys/synthesis/../../Qsys.qsys                     ; --            ; --          ; --         ;
; MISC_FILE                           ; vJtag/vJTAG/synthesis/../vJTAG.cmp                      ; --            ; --          ; --         ;
; MISC_FILE                           ; vJtag/vJTAG/synthesis/../../vJTAG.qsys                  ; --            ; --          ; --         ;
; MISC_FILE                           ; PLL/PLL_bb.v                                            ; --            ; --          ; --         ;
; MISC_FILE                           ; PLL/PLL.ppf                                             ; --            ; --          ; --         ;
; MISC_FILE                           ; RAM/RAM_bb.v                                            ; --            ; --          ; --         ;
; PARTITION_COLOR                     ; -- (Not supported for targeted family)                  ; --            ; --          ; Top        ;
; PARTITION_FITTER_PRESERVATION_LEVEL ; -- (Not supported for targeted family)                  ; --            ; --          ; Top        ;
; PARTITION_NETLIST_TYPE              ; -- (Not supported for targeted family)                  ; --            ; --          ; Top        ;
; POWER_BOARD_THERMAL_MODEL           ; None (CONSERVATIVE)                                     ; --            ; --          ; --         ;
; POWER_PRESET_COOLING_SOLUTION       ; 23 MM HEAT SINK WITH 200 LFPM AIRFLOW                   ; --            ; --          ; --         ;
; PROJECT_OUTPUT_DIRECTORY            ; output_files                                            ; --            ; --          ; --         ;
; SLD_FILE                            ; Qsys/Qsys/synthesis/Qsys.debuginfo                      ; --            ; --          ; --         ;
; SLD_FILE                            ; vJtag/vJTAG/synthesis/vJTAG.debuginfo                   ; --            ; --          ; --         ;
; SLD_INFO                            ; QSYS_NAME Qsys HAS_SOPCINFO 1 GENERATION_ID 1501585114  ; --            ; Qsys        ; --         ;
; SLD_INFO                            ; QSYS_NAME vJTAG HAS_SOPCINFO 1 GENERATION_ID 1501230819 ; --            ; vJTAG       ; --         ;
; SOPCINFO_FILE                       ; Qsys/Qsys/synthesis/../../Qsys.sopcinfo                 ; --            ; --          ; --         ;
; SOPCINFO_FILE                       ; vJtag/vJTAG/synthesis/../../vJTAG.sopcinfo              ; --            ; --          ; --         ;
; SYNTHESIS_ONLY_QIP                  ; On                                                      ; --            ; --          ; --         ;
; SYNTHESIS_ONLY_QIP                  ; On                                                      ; --            ; --          ; --         ;
; USE_SIGNALTAP_FILE                  ; output_files/stp1.stp                                   ; --            ; --          ; --         ;
; VERILOG_INPUT_VERSION               ; SystemVerilog_2005                                      ; Verilog_2001  ; --          ; --         ;
; VERILOG_SHOW_LMF_MAPPING_MESSAGES   ; Off                                                     ; --            ; --          ; --         ;
+-------------------------------------+---------------------------------------------------------+---------------+-------------+------------+


+-------------------------------------------------------------------------------------------------------------------------------+
; Flow Elapsed Time                                                                                                             ;
+---------------------------+--------------+-------------------------+---------------------+------------------------------------+
; Module Name               ; Elapsed Time ; Average Processors Used ; Peak Virtual Memory ; Total CPU Time (on all processors) ;
+---------------------------+--------------+-------------------------+---------------------+------------------------------------+
; Analysis & Synthesis      ; 00:00:57     ; 1.0                     ; 1039 MB             ; 00:01:46                           ;
; Fitter                    ; 00:00:18     ; 1.1                     ; 1306 MB             ; 00:00:22                           ;
; Assembler                 ; 00:00:05     ; 1.0                     ; 850 MB              ; 00:00:05                           ;
; TimeQuest Timing Analyzer ; 00:00:04     ; 1.1                     ; 886 MB              ; 00:00:05                           ;
; Total                     ; 00:01:24     ; --                      ; --                  ; 00:02:18                           ;
+---------------------------+--------------+-------------------------+---------------------+------------------------------------+


+------------------------------------------------------------------------------------------------+
; Flow OS Summary                                                                                ;
+---------------------------+-------------------+---------------+---------------+----------------+
; Module Name               ; Machine Hostname  ; OS Name       ; OS Version    ; Processor type ;
+---------------------------+-------------------+---------------+---------------+----------------+
; Analysis & Synthesis      ; misha-SVT13116FGS ; elementary OS ; elementary OS ; x86_64         ;
; Fitter                    ; misha-SVT13116FGS ; elementary OS ; elementary OS ; x86_64         ;
; Assembler                 ; misha-SVT13116FGS ; elementary OS ; elementary OS ; x86_64         ;
; TimeQuest Timing Analyzer ; misha-SVT13116FGS ; elementary OS ; elementary OS ; x86_64         ;
+---------------------------+-------------------+---------------+---------------+----------------+


------------
; Flow Log ;
------------
quartus_map --read_settings_files=on --write_settings_files=off Virtual_JTAG_v1 -c Virtual_JTAG_v1
quartus_fit --read_settings_files=off --write_settings_files=off Virtual_JTAG_v1 -c Virtual_JTAG_v1
quartus_asm --read_settings_files=off --write_settings_files=off Virtual_JTAG_v1 -c Virtual_JTAG_v1
quartus_sta Virtual_JTAG_v1 -c Virtual_JTAG_v1
quartus_eda --read_settings_files=on --write_settings_files=off Virtual_JTAG_v1 -c Virtual_JTAG_v1



